polybar|notice:  Parsing config file: /home/fanky/.config/polybar/config.ini
polybar|notice:  Listening for IPC messages (PID: 2446187)
polybar|error: Invalid value for "bar/example.separator-foreground", using default value (reason: The reference ${color.disabled} does not exist (no fallback set))
polybar|warn:  The config parameter 'settings.throttle-output' is deprecated, it will be removed in the future. Please remove it from your config
polybar|warn:  The config parameter 'settings.throttle-output-for' is deprecated, it will be removed in the future. Please remove it from your config
polybar|notice:  Loading module 'xworkspaces' of type 'internal/xworkspaces'
polybar|error: Invalid value for "module/xworkspaces.label-active-underline", using default value (reason: The reference ${colors.foreground} does not exist (no fallback set))
polybar|notice:  Loading module 'title' of type 'internal/xwindow'
polybar|notice:  Loading module 'filesystem' of type 'internal/fs'
polybar|error: Invalid value for "module/filesystem.format-unmounted-background", using default value (reason: The reference ${color.shade6} does not exist (no fallback set))
polybar|notice:  Loading module 'spotify' of type 'custom/script'
polybar|notice:  Loading module 'spotify-prev' of type 'custom/script'
polybar|notice:  Loading module 'spotify-play-pause' of type 'custom/ipc'
polybar|notice:  Loading module 'spotify-next' of type 'custom/script'
polybar|notice:  Loading module 'pulseaudio' of type 'internal/pulseaudio'
polybar|notice:  pulseaudio: using default sink alsa_output.usb-Kingston_HyperX_7.1_Audio_00000000-00.analog-stereo
polybar|notice:  Loading module 'temperature' of type 'internal/temperature'
polybar|error: Disabling module "temperature" (reason: The file '/sys/devices/pci0000:00/0000:00:01.3/0000:01:00.0/hwmon/hwmon0/temp1_input' does not exist)
polybar|error: Disabling module "network-base" (reason: Missing section "module/network-base")
polybar|notice:  Loading module 'keyboard' of type 'internal/xkeyboard'
polybar|notice:  Loading module 'date' of type 'internal/date'
polybar|notice:  Loaded 10 modules
polybar|notice:  Loaded font "Terminus:pixelsize=12" (name=Terminus, offset=2, file=/usr/share/fonts/misc/ter-u12n.otb)
polybar|notice:  Loaded font "Font Awesome 5 Free Solid:style=Solid:pixelsize=10" (name=Font Awesome 5 Free, offset=0, file=/usr/share/fonts/TTF/fa5-solid-900.ttf)
polybar|notice:  Loaded font "Font Awesome 5 Brands Regular:style=Regular:pixelsize=12" (name=Font Awesome 5 Brands, offset=0, file=/usr/share/fonts/TTF/fa5-brands-400.ttf)
polybar|notice:  Loaded font "waffle:size=9" (name=Noto Sans, offset=3, file=/usr/share/fonts/noto/NotoSans-Regular.ttf)
polybar|error: tray: Failed to put tray above 0x1a00001 in the stack (XCB_MATCH (8))
polybar|warn:  Systray selection already managed (window=0x0e00006)
polybar|warn:  Dropping unmatched character  (U+e0ab) in ''
polybar|warn:  Dropping unmatched character  (U+e203) in ''
polybar|warn:  Dropping unmatched character  (U+e26f) in 'polybar|warn:  Dropping unmatched character  (U+e0ab) in ''
polybar|warn:  Dropping unmatched character  (U+e203) in ''
polybar|warn:  Dropping unmatched character  (U+e26f) in ''
polybar|warn:  Dropping unmatched character  (U+e017) in ''
polybar|warn:  Dropping unmatched character  (U+e0ab) in ''
popolybar|warn:  Dropping unmatched character  (U+e0ab) in ''
polybar|warn:  Dropping unmatched character  (U+e203) in ''
polybar|warn:  Dropping unmatched character  (U+e26f) in 'polybar|warn:  Dropping unmatched character  (U+e0ab) in ''
popolybar|warn:  Dropping unmatched character  (U+e0ab) in ''
polybar|warn:  Dropping unmatched character  (U+e203) in ''
polybar|warn:  Dropping unmatched character  (U+e26f) in ''
polybar|warn:  Dropping unmatched character  (U+e017) in ''
polybar|warn:  Dropping unmatched character  (U+e0ab) in ''
polybar|warn:  Dropping unmatched character  (U+e203) in ''
polybar|warn:  Dropping unmatched character  (U+e26f) in ''
polybar|warn:  Dropping unmatched character  (U+e017) in ''
polybar|warn:  Dropping unmatched character  (U+e0ab) in ''
polybar|warn:  Dropping unmatched character  (U+e203) in ''
polybar|warn:  Dropping unmatched character  (U+e26f) in ''
polybar|warn:  Dropping unmatched character  (U+e017) in ''
polybar|warn:  Dropping unmatched character  (U+e0ab) in ''
polybar|warn:  Dropping unmatched character  (U+e203) in ''
polybar|warn:  Dropping unmatched character  (U+e26f) in ''
polybar|warn:  Dropping unmatched character  (U+e017) in ''
polybar|warn:  Dropping unmatched character  (U+e0ab) in ''
polybar|warn:  Dropping unmatched character  (U+e203) in ''
polybar|warn:  Dropping unmatched character  (U+e26f) in ''
polybar|warn:  Dropping unmatched character  (U+e017) in ''
polybar|warn:  Dropping unmatched character  (U+e0ab) in ''
polybar|warn:  Dropping unmatched character  (U+e203) in ''
polybar|warn:  Dropping unmatched character  (U+e26f) in ''
polybar|warn:  Dropping unmatched character  (U+e017) in ''
polybar|warn:  Dropping unmatched character  (U+e0ab) in ''
polybar|warn:  Dropping unmatched character  (U+e203) in ''
polybar|warn:  Dropping unmatched character  (U+e26f) in ''
polybar|warn:  Dropping unmatched character  (U+e017) in ''
polybar|warn:  Dropping unmatched character  (U+e0ab) in ''
polybar|warn:  Dropping unmatched character  (U+e203) in ''
polybar|warn:  Dropping unmatched character  (U+e26f) in ''
polybar|warn:  Dropping unmatched character  (U+e017) in ''
polybar|warn:  Dropping unmatched character  (U+e0ab) in ''
polybar|warn:  Dropping unmatched character  (U+e203) in ''
polybar|warn:  Dropping unmatched character  (U+e26f) in ''
polybar|warn:  Dropping unmatched character  (U+e017) in ''
polybar|warn:  Dropping unmatched character  (U+e0ab) in ''
polybar|warn:  Dropping unmatched character  (U+e203) in ''
polybar|warn:  Dropping unmatched character  (U+e26f) in ''
polybar|warn:  Dropping unmatched character  (U+e017) in ''
polybar|warn:  Dropping unmatched character  (U+e0ab) in ''
polybar|warn:  Dropping unmatched character  (U+e203) in ''
polybar|warn:  Dropping unmatched character  (U+e26f) in ''
polybar|warn:  Dropping unmatched character  (U+e017) in ''
polybar|warn:  Dropping unmatched character  (U+e0ab) in ''
polybar|warn:  Dropping unmatched character  (U+e203) in ''
polybar|warn:  Dropping unmatched character  (U+e26f) in 'polybar|warn:  Dropping unmatched character  (U+e0ab) in ''
popolybar|warn:  Dropping unmatched character  (U+e0ab) in ''
polybar|warn:  Dropping unmatched character  (U+e203) in ''
polybar|warn:  Dropping unmatched character  (U+e26f) in 'popolybar|warn:  Dropping unmatched character  (U+e017) in 'popolybar|warn:  Dropping unmatched character  (U+e0ab) in ''
polybar|warn:  Dropping unmatched character  (U+e203) in ''
polybar|warn:  Dropping unmatched character  (U+e26f) in ''
polybar|warn:  Dropping unmatched character  (U+e017) in ''
polybar|warn:  Dropping unmatched character  (U+e0ab) in ''
polybar|warn:  Dropping unmatched character  (U+e203) in ''
polybar|warn:  Dropping unmatched character  (U+e26f) in ''
polybar|warn:  Dropping unmatched character  (U+e017) in ''
polybar|warn:  Dropping unmatched character  (U+e0ab) in ''
polybar|warn:  Dropping unmatched character  (U+e203) in ''
polybar|warn:  Dropping unmatched character  (U+e26f) in ''
polybar|warn:  Dropping unmatched character  (U+e017) in ''
polybar|warn:  Dropping unmatched character  (U+e0ab) in ''
polybar|warn:  Dropping unmatched character  (U+e203) in ''
polybar|warn:  Dropping unmatched character  (U+e26f) in ''
polybar|warn:  Dropping unmatched character  (U+e017) in ''
polybar|warn:  Dropping unmatched character  (U+e0ab) in ''
polybar|warn:  Dropping unmatched character  (U+e203) in ''
polybar|warn:  Dropping unmatched character  (U+e26f) in ''
polybar|warn:  Dropping unmatched character  (U+e017) in ''
polybar|warn:  Dropping unmatched character  (U+e0ab) in ''
polybar|warn:  Dropping unmatched character  (U+e203) in ''
polybar|warn:  Dropping unmatched character  (U+e26f) in ''
polybar|warn:  Dropping unmatched character  (U+e017) in ''
polybar|warn:  Dropping unmatched character  (U+e0ab) in ''
polybar|warn:  Dropping unmatched character  (U+e203) in ''
polybar|warn:  Dropping unmatched character  (U+e26f) in ''
polybar|warn:  Dropping unmatched character  (U+e017) in ''
polybar|warn:  Dropping unmatched character  (U+e0ab) in ''
polybar|warn:  Dropping unmatched character  (U+e203) in ''
polybar|warn:  Dropping unmatched character  (U+e26f) in 'polybar|warn:  Dropping unmatched character  (U+e0ab) in ''
popolybar|warn:  Dropping unmatched character  (U+e0ab) in ''
polybar|warn:  Dropping unmatched character  (U+e203) in ''
polybar|warn:  Dropping unmatched character  (U+e26f) in ''
polybar|warn:  Dropping unmatched character  (U+e017) in 'popolybar|warn:  Dropping unmatched character  (U+e0ab) in ''
polybar|warn:  Dropping unmatched character  (U+e203) in ''
polybar|warn:  Dropping unmatched character  (U+e26f) in ''
polybar|warn:  Dropping unmatched character  (U+e017) in ''
polybar|warn:  Dropping unmatched character  (U+e0ab) in ''
polybar|warn:  Dropping unmatched character  (U+e203) in ''
polybar|warn:  Dropping unmatched character  (U+e26f) in ''
polybar|warn:  Dropping unmatched character  (U+e017) in ''
polybar|warn:  Dropping unmatched character  (U+e0ab) in ''
polybar|warn:  Dropping unmatched character  (U+e203) in ''
polybar|warn:  Dropping unmatched character  (U+e26f) in ''
polybar|warn:  Dropping unmatched character  (U+e017) in ''
polybar|warn:  Dropping unmatched character  (U+e0ab) in ''
polybar|warn:  Dropping unmatched character  (U+e203) in ''
polybar|warn:  Dropping unmatched character  (U+e26f) in ''
polybar|warn:  Dropping unmatched character  (U+e017) in ''
polybar|warn:  Dropping unmatched character  (U+e0ab) in ''
polybar|warn:  Dropping unmatched character  (U+e203) in ''
polybar|warn:  Dropping unmatched character  (U+e26f) in ''
polybar|warn:  Dropping unmatched character  (U+e017) in ''
polybar|warn:  Dropping unmatched character  (U+e0ab) in ''
polybar|warn:  Dropping unmatched character  (U+e203) in ''
polybar|warn:  Dropping unmatched character  (U+e26f) in ''
polybar|warn:  Dropping unmatched character  (U+e017) in ''
polybar|warn:  Dropping unmatched character  (U+e0ab) in ''
polybar|warn:  Dropping unmatched character  (U+e203) in ''
polybar|warn:  Dropping unmatched character  (U+e26f) in ''
polybar|warn:  Dropping unmatched character  (U+e017) in ''
polybar|warn:  Dropping unmatched character  (U+e0ab) in ''
polybar|warn:  Dropping unmatched character  (U+e203) in ''
polybar|warn:  Dropping unmatched character  (U+e26f) in ''
polybar|warn:  Dropping unmatched character  (U+e017) in ''
polybar|warn:  Dropping unmatched character  (U+e0ab) in ''
polybar|warn:  Dropping unmatched character  (U+e203) in ''
polybar|warn:  Dropping unmatched character  (U+e26f) in ''
polybar|warn:  Dropping unmatched character  (U+e017) in ''
polybar|warn:  Dropping unmatched character  (U+e0ab) in ''
polybar|warn:  Dropping unmatched character  (U+e203) in ''
polybar|warn:  Dropping unmatched character  (U+e26f) in ''
polybar|warn:  Dropping unmatched character  (U+e017) in ''
polybar|warn:  Dropping unmatched character  (U+e0ab) in ''
polybar|warn:  Dropping unmatched character  (U+e203) in ''
polybar|warn:  Dropping unmatched character  (U+e26f) in ''
polybar|warn:  Dropping unmatched character  (U+e017) in ''
polybar|warn:  Dropping unmatched character  (U+e0ab) in ''
polybar|warn:  Dropping unmatched character  (U+e203) in ''
polybar|warn:  Dropping unmatched character  (U+e26f) in ''
polybar|warn:  Dropping unmatched character  (U+e017) in ''
polybar|warn:  Dropping unmatched character  (U+e0ab) in ''
polybar|warn:  Dropping unmatched character  (U+e203) in ''
polybar|warn:  Dropping unmatched character  (U+e26f) in ''
polybar|warn:  Dropping unmatched character  (U+e017) in 'popolybar|warn:  Dropping unmatched character  (U+e0ab) in ''
polybar|warn:  Dropping unmatched character  (U+e203) in ''
polybar|warn:  Dropping unmatched character  (U+e26f) in ''
polybar|warn:  Dropping unmatched character  (U+e017) in ''
polybar|warn:  Dropping unmatched character  (U+e0ab) in ''
polybar|warn:  Dropping unmatched character  (U+e203) in ''
polybar|warn:  Dropping unmatched character  (U+e26f) in ''
polybar|warn:  Dropping unmatched character  (U+e017) in ''
polybar|warn:  Dropping unmatched character  (U+e0ab) in ''
polybar|warn:  Dropping unmatched character  (U+e203) in ''
polybar|warn:  Dropping unmatched character  (U+e26f) in ''
polybar|warn:  Dropping unmatched character  (U+e017) in 'popolybar|warn:  Dropping unmatched character  (U+e0ab) in ''
polybar|warn:  Dropping unmatched character  (U+e203) in ''
polybar|warn:  Dropping unmatched character  (U+e26f) in ''
polybar|warn:  Dropping unmatched character  (U+e017) in 'popolybar|warn:  Dropping unmatched character  (U+e0ab) in ''
polybar|warn:  Dropping unmatched character  (U+e203) in ''
polybar|warn:  Dropping unmatched character  (U+e26f) in ''
polybar|warn:  Dropping unmatched character  (U+e017) in ''
polybar|warn:  Dropping unmatched character  (U+e0ab) in ''
polybar|warn:  Dropping unmatched character  (U+e203) in ''
polybar|warn:  Dropping unmatched character  (U+e26f) in ''
polybar|warn:  Dropping unmatched character  (U+e017) in 'popolybar|warn:  Dropping unmatched character  (U+e0ab) in ''
polybar|warn:  Dropping unmatched character  (U+e203) in ''
polybar|warn:  Dropping unmatched character  (U+e26f) in ''
polybar|warn:  Dropping unmatched character  (U+e017) in 'popolybar|warn:  Dropping unmatched character  (U+e0ab) in ''
polybar|warn:  Dropping unmatched character  (U+e203) in ''
polybar|warn:  Dropping unmatched character  (U+e26f) in ''
polybar|warn:  Dropping unmatched character  (U+e017) in ''
polybar|warn:  Dropping unmatched character  (U+e0ab) in ''
polybar|warn:  Dropping unmatched character  (U+e203) in ''
polybar|warn:  Dropping unmatched character  (U+e26f) in ''
polybar|warn:  Dropping unmatched character  (U+e017) in 'popolybar|warn:  Dropping unmatched character  (U+e0ab) in ''
polybar|warn:  Dropping unmatched character  (U+e203) in ''
polybar|warn:  Dropping unmatched character  (U+e26f) in 'polybar|warn:  Dropping unmatched character  (U+e0ab) in ''
popolybar|warn:  Dropping unmatched character  (U+e0ab) in ''
polybar|warn:  Dropping unmatched character  (U+e203) in ''
polybar|warn:  Dropping unmatched character  (U+e26f) in ''
polybar|warn:  Dropping unmatched character  (U+e017) in 'popolybar|warn:  Dropping unmatched character  (U+e0ab) in ''
polybar|warn:  Dropping unmatched character  (U+e203) in ''
polybar|warn:  Dropping unmatched character  (U+e26f) in ''
polybar|warn:  Dropping unmatched character  (U+e017) in ''
polybar|warn:  Dropping unmatched character  (U+e0ab) in ''
polybar|warn:  Dropping unmatched character  (U+e203) in ''
polybar|warn:  Dropping unmatched character  (U+e26f) in ''
polybar|warn:  Dropping unmatched character  (U+e017) in 'popolybar|warn:  Dropping unmatched character  (U+e0ab) in ''
polybar|warn:  Dropping unmatched character  (U+e203) in ''
polybar|warn:  Dropping unmatched character  (U+e26f) in ''
polybar|warn:  Dropping unmatched character  (U+e017) in ''
polybar|warn:  Dropping unmatched character  (U+e0ab) in ''
polybar|warn:  Dropping unmatched character  (U+e203) in ''
polybar|warn:  Dropping unmatched character  (U+e26f) in ''
polybar|warn:  Dropping unmatched character  (U+e017) in ''
polybar|warn:  Dropping unmatched character  (U+e0ab) in ''
polybar|warn:  Dropping unmatched character  (U+e203) in ''
polybar|warn:  Dropping unmatched character  (U+e26f) in ''
polybar|warn:  Dropping unmatched character  (U+e017) in ''
polybar|warn:  Dropping unmatched character  (U+e0ab) in ''
polybar|warn:  Dropping unmatched character  (U+e203) in ''
polybar|warn:  Dropping unmatched character  (U+e26f) in ''
polybar|warn:  Dropping unmatched character  (U+e017) in ''
polybar|warn:  Dropping unmatched character  (U+e0ab) in ''
polybar|warn:  Dropping unmatched character  (U+e203) in ''
polybar|warn:  Dropping unmatched character  (U+e26f) in ''
polybar|warn:  Dropping unmatched character  (U+e017) in ''
polybar|warn:  Dropping unmatched character  (U+e0ab) in ''
polybar|warn:  Dropping unmatched character  (U+e203) in ''
polybar|warn:  Dropping unmatched character  (U+e26f) in ''
polybar|warn:  Dropping unmatched character  (U+e017) in ''
polybar|warn:  Dropping unmatched character  (U+e0ab) in ''
polybar|warn:  Dropping unmatched character  (U+e203) in ''
polybar|warn:  Dropping unmatched character  (U+e26f) in ''
polybar|warn:  Dropping unmatched character  (U+e017) in ''
polybar|warn:  Dropping unmatched character  (U+e0ab) in ''
polybar|warn:  Dropping unmatched character  (U+e203) in ''
polybar|warn:  Dropping unmatched character  (U+e26f) in ''
polybar|warn:  Dropping unmatched character  (U+e017) in ''
polybar|warn:  Dropping unmatched character  (U+e0ab) in ''
polybar|warn:  Dropping unmatched character  (U+e203) in ''
polybar|warn:  Dropping unmatched character  (U+e26f) in ''
polybar|warn:  Dropping unmatched character  (U+e017) in ''
polybar|warn:  Dropping unmatched character  (U+e0ab) in ''
polybar|warn:  Dropping unmatched character  (U+e203) in ''
polybar|warn:  Dropping unmatched character  (U+e26f) in ''
polybar|warn:  Dropping unmatched character  (U+e017) in ''
polybar|warn:  Dropping unmatched character  (U+e0ab) in ''
polybar|warn:  Dropping unmatched character  (U+e203) in ''
polybar|warn:  Dropping unmatched character  (U+e26f) in ''
polybar|warn:  Dropping unmatched character  (U+e017) in ''
polybar|warn:  Dropping unmatched character  (U+e0ab) in ''
polybar|warn:  Dropping unmatched character  (U+e203) in ''
polybar|warn:  Dropping unmatched character  (U+e26f) in ''
polybar|warn:  Dropping unmatched character  (U+e017) in ''
polybar|warn:  Dropping unmatched character  (U+e0ab) in ''
polybar|warn:  Dropping unmatched character  (U+e203) in ''
polybar|warn:  Dropping unmatched character  (U+e26f) in ''
polybar|warn:  Dropping unmatched character  (U+e017) in ''
polybar|warn:  Dropping unmatched character  (U+e0ab) in ''
polybar|warn:  Dropping unmatched character  (U+e203) in ''
polybar|warn:  Dropping unmatched character  (U+e26f) in ''
polybar|warn:  Dropping unmatched character  (U+e017) in ''
polybar|warn:  Dropping unmatched character  (U+e0ab) in ''
polybar|warn:  Dropping unmatched character  (U+e203) in ''
polybar|warn:  Dropping unmatched character  (U+e26f) in ''
polybar|warn:  Dropping unmatched character  (U+e017) in ''
polybar|warn:  Dropping unmatched character  (U+e0ab) in ''
polybar|warn:  Dropping unmatched character  (U+e203) in ''
polybar|warn:  Dropping unmatched character  (U+e26f) in 'polybar|warn:  Dropping unmatched character  (U+e0ab) in ''
popolybar|warn:  Dropping unmatched character  (U+e0ab) in ''
polybar|warn:  Dropping unmatched character  (U+e203) in ''
polybar|warn:  Dropping unmatched character  (U+e26f) in ''
polybar|warn:  Dropping unmatched character  (U+e017) in ''
polybar|warn:  Dropping unmatched character  (U+e0ab) in ''
polybar|warn:  Dropping unmatched character  (U+e203) in ''
polybar|warn:  Dropping unmatched character  (U+e26f) in ''
polybar|warn:  Dropping unmatched character  (U+e017) in ''
polybar|warn:  Dropping unmatched character  (U+e0ab) in ''
polybar|warn:  Dropping unmatched character  (U+e203) in ''
polybar|warn:  Dropping unmatched character  (U+e26f) in ''
polybar|warn:  Dropping unmatched character  (U+e017) in ''
polybar|warn:  Dropping unmatched character  (U+e0ab) in ''
polybar|warn:  Dropping unmatched character  (U+e203) in ''
polybar|warn:  Dropping unmatched character  (U+e26f) in ''
polybar|warn:  Dropping unmatched character  (U+e017) in ''
polybar|warn:  Dropping unmatched character  (U+e0ab) in ''
polybar|warn:  Dropping unmatched character  (U+e203) in ''
polybar|warn:  Dropping unmatched character  (U+e26f) in ''
polybar|warn:  Dropping unmatched character  (U+e017) in ''
polybar|warn:  Dropping unmatched character  (U+e0ab) in ''
polybar|warn:  Dropping unmatched character  (U+e203) in ''
polybar|warn:  Dropping unmatched character  (U+e26f) in 'polybar|warn:  Dropping unmatched character  (U+e0ab) in ''
popolybar|warn:  Dropping unmatched character  (U+e0ab) in ''
polybar|warn:  Dropping unmatched character  (U+e203) in ''
polybar|warn:  Dropping unmatched character  (U+e26f) in ''
polybar|warn:  Dropping unmatched character  (U+e017) in ''
polybar|warn:  Dropping unmatched character  (U+e0ab) in ''
polybar|warn:  Dropping unmatched character  (U+e203) in ''
polybar|warn:  Dropping unmatched character  (U+e26f) in ''
polybar|warn:  Dropping unmatched character  (U+e017) in ''
polybar|warn:  Dropping unmatched character  (U+e0ab) in ''
polybar|warn:  Dropping unmatched character  (U+e203) in ''
polybar|warn:  Dropping unmatched character  (U+e26f) in ''
polybar|warn:  Dropping unmatched character  (U+e017) in 'popolybar|warn:  Dropping unmatched character  (U+e0ab) in ''
polybar|warn:  Dropping unmatched character  (U+e203) in ''
polybar|warn:  Dropping unmatched character  (U+e26f) in ''
polybar|warn:  Dropping unmatched character  (U+e017) in 'popolybar|warn:  Dropping unmatched character  (U+e0ab) in ''
polybar|warn:  Dropping unmatched character  (U+e203) in ''
polybar|warn:  Dropping unmatched character  (U+e26f) in ''
polybar|warn:  Dropping unmatched character  (U+e017) in ''
polybar|warn:  Dropping unmatched character  (U+e0ab) in ''
polybar|warn:  Dropping unmatched character  (U+e203) in ''
polybar|warn:  Dropping unmatched character  (U+e26f) in ''
polybar|warn:  Dropping unmatched character  (U+e017) in ''
polybar|warn:  Dropping unmatched character  (U+e0ab) in ''
polybar|warn:  Dropping unmatched character  (U+e203) in ''
polybar|warn:  Dropping unmatched character  (U+e26f) in ''
polybar|warn:  Dropping unmatched character  (U+e017) in ''
polybar|warn:  Dropping unmatched character  (U+e0ab) in ''
polybar|warn:  Dropping unmatched character  (U+e203) in ''
polybar|warn:  Dropping unmatched character  (U+e26f) in ''
polybar|warn:  Dropping unmatched character  (U+e017) in ''
polybar|warn:  Dropping unmatched character  (U+e0ab) in ''
polybar|warn:  Dropping unmatched character  (U+e203) in ''
polybar|warn:  Dropping unmatched character  (U+e26f) in ''
polybar|warn:  Dropping unmatched character  (U+e017) in ''
polybar|warn:  Dropping unmatched character  (U+e0ab) in ''
polybar|warn:  Dropping unmatched character  (U+e203) in ''
polybar|warn:  Dropping unmatched character  (U+e26f) in ''
polybar|warn:  Dropping unmatched character  (U+e017) in ''
polybar|warn:  Dropping unmatched character  (U+e0ab) in ''
polybar|warn:  Dropping unmatched character  (U+e203) in ''
polybar|warn:  Dropping unmatched character  (U+e26f) in ''
polybar|warn:  Dropping unmatched character  (U+e017) in ''
polybar|warn:  Dropping unmatched character  (U+e0ab) in ''
polybar|warn:  Dropping unmatched character  (U+e203) in ''
polybar|warn:  Dropping unmatched character  (U+e26f) in ''
polybar|warn:  Dropping unmatched character  (U+e017) in ''
polybar|warn:  Dropping unmatched character  (U+e0ab) in ''
polybar|warn:  Dropping unmatched character  (U+e203) in ''
polybar|warn:  Dropping unmatched character  (U+e26f) in ''
polybar|warn:  Dropping unmatched character  (U+e017) in ''
polybar|warn:  Dropping unmatched character  (U+e0ab) in ''
polybar|warn:  Dropping unmatched character  (U+e203) in ''
polybar|warn:  Dropping unmatched character  (U+e26f) in ''
polybar|warn:  Dropping unmatched character  (U+e017) in ''
polybar|warn:  Dropping unmatched character  (U+e0ab) in ''
polybar|warn:  Dropping unmatched character  (U+e203) in ''
polybar|warn:  Dropping unmatched character  (U+e26f) in ''
polybar|warn:  Dropping unmatched character  (U+e017) in ''
polybar|warn:  Dropping unmatched character  (U+e0ab) in ''
polybar|warn:  Dropping unmatched character  (U+e203) in ''
polybar|warn:  Dropping unmatched character  (U+e26f) in ''
polybar|warn:  Dropping unmatched character  (U+e017) in ''
polybar|warn:  Dropping unmatched character  (U+e0ab) in ''
polybar|warn:  Dropping unmatched character  (U+e203) in ''
polybar|warn:  Dropping unmatched character  (U+e26f) in ''
polybar|warn:  Dropping unmatched character  (U+e017) in ''
polybar|warn:  Dropping unmatched character  (U+e0ab) in ''
polybar|warn:  Dropping unmatched character  (U+e203) in ''
polybar|warn:  Dropping unmatched character  (U+e26f) in ''
polybar|warn:  Dropping unmatched character  (U+e017) in ''
polybar|warn:  Dropping unmatched character  (U+e0ab) in ''
polybar|warn:  Dropping unmatched character  (U+e203) in ''
polybar|warn:  Dropping unmatched character  (U+e26f) in ''
polybar|warn:  Dropping unmatched character  (U+e017) in ''
polybar|warn:  Dropping unmatched character  (U+e0ab) in ''
polybar|warn:  Dropping unmatched character  (U+e203) in ''
polybar|warn:  Dropping unmatched character  (U+e26f) in ''
polybar|warn:  Dropping unmatched character  (U+e017) in ''
polybar|warn:  Dropping unmatched character  (U+e0ab) in ''
polybar|warn:  Dropping unmatched character  (U+e203) in ''
polybar|warn:  Dropping unmatched character  (U+e26f) in ''
polybar|warn:  Dropping unmatched character  (U+e017) in ''
polybar|warn:  Dropping unmatched character  (U+e0ab) in ''
polybar|warn:  Dropping unmatched character  (U+e203) in ''
polybar|warn:  Dropping unmatched character  (U+e26f) in ''
polybar|warn:  Dropping unmatched character  (U+e017) in ''
polybar|warn:  Dropping unmatched character  (U+e0ab) in ''
polybar|warn:  Dropping unmatched character  (U+e203) in ''
polybar|warn:  Dropping unmatched character  (U+e26f) in ''
polybar|warn:  Dropping unmatched character  (U+e017) in ''
polybar|warn:  Dropping unmatched character  (U+e0ab) in ''
polybar|warn:  Dropping unmatched character  (U+e203) in ''
polybar|warn:  Dropping unmatched character  (U+e26f) in ''
polybar|warn:  Dropping unmatched character  (U+e017) in ''
polybar|warn:  Dropping unmatched character  (U+e0ab) in ''
polybar|warn:  Dropping unmatched character  (U+e203) in ''
polybar|warn:  Dropping unmatched character  (U+e26f) in ''
polybar|warn:  Dropping unmatched character  (U+e017) in 'popolybar|warn:  Dropping unmatched character  (U+e0ab) in ''
polybar|warn:  Dropping unmatched character  (U+e203) in ''
polybar|warn:  Dropping unmatched character  (U+e26f) in ''
polybar|warn:  Dropping unmatched character  (U+e017) in ''
polybar|warn:  Dropping unmatched character  (U+e0ab) in ''
polybar|warn:  Dropping unmatched character  (U+e203) in ''
polybar|warn:  Dropping unmatched character  (U+e26f) in ''
polybar|warn:  Dropping unmatched character  (U+e017) in ''
polybar|warn:  Dropping unmatched character  (U+e0ab) in ''
polybar|warn:  Dropping unmatched character  (U+e203) in ''
polybar|warn:  Dropping unmatched character  (U+e26f) in ''
polybar|warn:  Dropping unmatched character  (U+e017) in ''
polybar|warn:  Dropping unmatched character  (U+e0ab) in ''
polybar|warn:  Dropping unmatched character  (U+e203) in ''
polybar|warn:  Dropping unmatched character  (U+e26f) in ''
polybar|warn:  Dropping unmatched character  (U+e017) in ''
polybar|warn:  Dropping unmatched character  (U+e0ab) in ''
polybar|warn:  Dropping unmatched character  (U+e203) in ''
polybar|warn:  Dropping unmatched character  (U+e26f) in ''
polybar|warn:  Dropping unmatched character  (U+e017) in ''
polybar|warn:  Dropping unmatched character  (U+e0ab) in ''
polybar|warn:  Dropping unmatched character  (U+e203) in ''
polybar|warn:  Dropping unmatched character  (U+e26f) in ''
polybar|warn:  Dropping unmatched character  (U+e017) in ''
polybar|warn:  Dropping unmatched character  (U+e0ab) in ''
polybar|warn:  Dropping unmatched character  (U+e203) in ''
polybar|warn:  Dropping unmatched character  (U+e26f) in ''
polybar|warn:  Dropping unmatched character  (U+e017) in ''
polybar|warn:  Dropping unmatched character  (U+e0ab) in ''
polybar|warn:  Dropping unmatched character  (U+e203) in ''
polybar|warn:  Dropping unmatched character  (U+e26f) in ''
polybar|warn:  Dropping unmatched character  (U+e017) in ''
polybar|warn:  Dropping unmatched character  (U+e0ab) in ''
polybar|warn:  Dropping unmatched character  (U+e203) in ''
polybar|warn:  Dropping unmatched character  (U+e26f) in ''
polybar|warn:  Dropping unmatched character  (U+e017) in ''
polybar|warn:  Dropping unmatched character  (U+e0ab) in ''
polybar|warn:  Dropping unmatched character  (U+e203) in ''
polybar|warn:  Dropping unmatched character  (U+e26f) in ''
polybar|warn:  Dropping unmatched character  (U+e017) in ''
polybar|warn:  Dropping unmatched character  (U+e0ab) in ''
polybar|warn:  Dropping unmatched character  (U+e203) in ''
polybar|warn:  Dropping unmatched character  (U+e26f) in ''
polybar|warn:  Dropping unmatched character  (U+e017) in ''
polybar|warn:  Dropping unmatched character  (U+e0ab) in ''
polybar|warn:  Dropping unmatched character  (U+e203) in ''
polybar|warn:  Dropping unmatched character  (U+e26f) in ''
polybar|warn:  Dropping unmatched character  (U+e017) in ''
polybar|warn:  Dropping unmatched character  (U+e0ab) in ''
polybar|warn:  Dropping unmatched character  (U+e203) in ''
polybar|warn:  Dropping unmatched character  (U+e26f) in ''
polybar|warn:  Dropping unmatched character  (U+e017) in ''
polybar|warn:  Dropping unmatched character  (U+e0ab) in ''
polybar|warn:  Dropping unmatched character  (U+e203) in ''
polybar|warn:  Dropping unmatched character  (U+e26f) in ''
polybar|warn:  Dropping unmatched character  (U+e017) in ''
polybar|warn:  Dropping unmatched character  (U+e0ab) in ''
polybar|warn:  Dropping unmatched character  (U+e203) in ''
polybar|warn:  Dropping unmatched character  (U+e26f) in ''
polybar|warn:  Dropping unmatched character  (U+e017) in ''
polybar|warn:  Dropping unmatched character  (U+e0ab) in ''
polybar|warn:  Dropping unmatched character  (U+e203) in ''
polybar|warn:  Dropping unmatched character  (U+e26f) in ''
polybar|warn:  Dropping unmatched character  (U+e017) in ''
polybar|warn:  Dropping unmatched character  (U+e0ab) in ''
polybar|warn:  Dropping unmatched character  (U+e203) in ''
polybar|warn:  Dropping unmatched character  (U+e26f) in ''
polybar|warn:  Dropping unmatched character  (U+e017) in 'popolybar|warn:  Dropping unmatched character  (U+e0ab) in ''
polybar|warn:  Dropping unmatched character  (U+e203) in ''
polybar|warn:  Dropping unmatched character  (U+e26f) in ''
polybar|warn:  Dropping unmatched character  (U+e017) in 'popolybar|warn:  Dropping unmatched character  (U+e0ab) in ''
polybar|warn:  Dropping unmatched character  (U+e203) in ''
polybar|warn:  Dropping unmatched character  (U+e26f) in ''
polybar|warn:  Dropping unmatched character  (U+e017) in ''
polybar|warn:  Dropping unmatched character  (U+e0ab) in ''
polybar|warn:  Dropping unmatched character  (U+e203) in ''
polybar|warn:  Dropping unmatched character  (U+e26f) in ''
polybar|warn:  Dropping unmatched character  (U+e017) in ''
polybar|warn:  Dropping unmatched character  (U+e0ab) in ''
polybar|warn:  Dropping unmatched character  (U+e203) in ''
polybar|warn:  Dropping unmatched character  (U+e26f) in ''
polybar|warn:  Dropping unmatched character  (U+e017) in ''
polybar|warn:  Dropping unmatched character  (U+e0ab) in ''
polybar|warn:  Dropping unmatched character  (U+e203) in ''
polybar|warn:  Dropping unmatched character  (U+e26f) in ''
polybar|warn:  Dropping unmatched character  (U+e017) in ''
polybar|warn:  Dropping unmatched character  (U+e0ab) in ''
polybar|warn:  Dropping unmatched character  (U+e203) in ''
polybar|warn:  Dropping unmatched character  (U+e26f) in ''
polybar|warn:  Dropping unmatched character  (U+e017) in ''
polybar|warn:  Dropping unmatched character  (U+e0ab) in ''
polybar|warn:  Dropping unmatched character  (U+e203) in ''
polybar|warn:  Dropping unmatched character  (U+e26f) in ''
polybar|warn:  Dropping unmatched character  (U+e017) in ''
polybar|warn:  Dropping unmatched character  (U+e0ab) in ''
polybar|warn:  Dropping unmatched character  (U+e203) in ''
polybar|warn:  Dropping unmatched character  (U+e26f) in ''
polybar|warn:  Dropping unmatched character  (U+e017) in ''
polybar|warn:  Dropping unmatched character  (U+e0ab) in ''
polybar|warn:  Dropping unmatched character  (U+e203) in ''
polybar|warn:  Dropping unmatched character  (U+e26f) in ''
polybar|warn:  Dropping unmatched character  (U+e017) in 'popolybar|warn:  Dropping unmatched character  (U+e0ab) in ''
polybar|warn:  Dropping unmatched character  (U+e203) in ''
polybar|warn:  Dropping unmatched character  (U+e26f) in ''
polybar|warn:  Dropping unmatched character  (U+e017) in ''
polybar|warn:  Dropping unmatched character  (U+e0ab) in ''
polybar|warn:  Dropping unmatched character  (U+e203) in ''
polybar|warn:  Dropping unmatched character  (U+e26f) in ''
polybar|warn:  Dropping unmatched character  (U+e017) in ''
polybar|warn:  Dropping unmatched character  (U+e0ab) in ''
polybar|warn:  Dropping unmatched character  (U+e203) in ''
polybar|warn:  Dropping unmatched character  (U+e26f) in ''
polybar|warn:  Dropping unmatched character  (U+e017) in 'popolybar|warn:  Dropping unmatched character  (U+e0ab) in ''
polybar|warn:  Dropping unmatched character  (U+e203) in ''
polybar|warn:  Dropping unmatched character  (U+e26f) in ''
polybar|warn:  Dropping unmatched character  (U+e017) in ''
polybar|warn:  Dropping unmatched character  (U+e0ab) in ''
polybar|warn:  Dropping unmatched character  (U+e203) in ''
polybar|warn:  Dropping unmatched character  (U+e26f) in ''
polybar|warn:  Dropping unmatched character  (U+e017) in ''
polybar|warn:  Dropping unmatched character  (U+e0ab) in ''
polybar|warn:  Dropping unmatched character  (U+e203) in ''
polybar|warn:  Dropping unmatched character  (U+e26f) in ''
polybar|warn:  Dropping unmatched character  (U+e017) in ''
polybar|warn:  Dropping unmatched character  (U+e0ab) in ''
polybar|warn:  Dropping unmatched character  (U+e203) in ''
polybar|warn:  Dropping unmatched character  (U+e26f) in ''
polybar|warn:  Dropping unmatched character  (U+e017) in 'popolybar|warn:  Dropping unmatched character  (U+e0ab) in ''
polybar|warn:  Dropping unmatched character  (U+e203) in ''
polybar|warn:  Dropping unmatched character  (U+e26f) in ''
polybar|warn:  Dropping unmatched character  (U+e017) in 'popolybar|warn:  Dropping unmatched character  (U+e0ab) in ''
polybar|warn:  Dropping unmatched character  (U+e203) in ''
polybar|warn:  Dropping unmatched character  (U+e26f) in ''
polybar|warn:  Dropping unmatched character  (U+e017) in ''
polybar|warn:  Dropping unmatched character  (U+e0ab) in ''
polybar|warn:  Dropping unmatched character  (U+e203) in ''
polybar|warn:  Dropping unmatched character  (U+e26f) in ''
polybar|warn:  Dropping unmatched character  (U+e017) in ''
polybar|warn:  Dropping unmatched character  (U+e0ab) in ''
polybar|warn:  Dropping unmatched character  (U+e203) in ''
polybar|warn:  Dropping unmatched character  (U+e26f) in ''
polybar|warn:  Dropping unmatched character  (U+e017) in ''
polybar|warn:  Dropping unmatched character  (U+e0ab) in ''
polybar|warn:  Dropping unmatched character  (U+e203) in ''
polybar|warn:  Dropping unmatched character  (U+e26f) in ''
polybar|warn:  Dropping unmatched character  (U+e017) in 'popolybar|warn:  Dropping unmatched character  (U+e0ab) in ''
polybar|warn:  Dropping unmatched character  (U+e203) in ''
polybar|warn:  Dropping unmatched character  (U+e26f) in ''
polybar|warn:  Dropping unmatched character  (U+e017) in ''
polybar|warn:  Dropping unmatched character  (U+e0ab) in ''
polybar|warn:  Dropping unmatched character  (U+e203) in ''
polybar|warn:  Dropping unmatched character  (U+e26f) in ''
polybar|warn:  Dropping unmatched character  (U+e017) in ''
polybar|warn:  Dropping unmatched character  (U+e0ab) in ''
polybar|warn:  Dropping unmatched character  (U+e203) in ''
polybar|warn:  Dropping unmatched character  (U+e26f) in 'polybar|warn:  Dropping unmatched character  (U+e0ab) in ''
polybar|warn:  Dropping unmatched character  (U+e203) in ''
polybar|warn:  Dropping unmatched character  (U+e26f) in ''
polybar|warn:  Dropping unmatched character  (U+e017) in ''
polybar|warn:  Dropping unmatched character  (U+e0ab) in ''
popolybar|warn:  Dropping unmatched character  (U+e0ab) in ''
polybar|warn:  Dropping unmatched character  (U+e203) in ''
polybar|warn:  Dropping unmatched character  (U+e26f) in 'polybar|warn:  Dropping unmatched character  (U+e0ab) in ''
polybar|warn:  Dropping unmatched character  (U+e203) in ''
popolybar|warn:  Dropping unmatched character  (U+e203) in ''
polybar|warn:  Dropping unmatched character  (U+e26f) in 'polybar|warn:  Dropping unmatched character  (U+e0ab) in ''
polybar|warn:  Dropping unmatched character  (U+e203) in ''
polybar|warn:  Dropping unmatched character  (U+e26f) in ''
popolybar|warn:  Dropping unmatched character  (U+e26f) in 'polybar|warn:  Dropping unmatched character  (U+e0ab) in ''
polybar|warn:  Dropping unmatched character  (U+e203) in ''
polybar|warn:  Dropping unmatched character  (U+e26f) in ''
polybar|warn:  Dropping unmatched character  (U+e017) in ''
polybar|warn:  Dropping unmatched character  (U+e0ab) in ''
polybar|warn:  Dropping unmatched character  (U+e203) in ''
polybar|warn:  Dropping unmatched character  (U+e26f) in ''
popolybar|warn:  Dropping unmatched character  (U+e26f) in 'polybar|warn:  Dropping unmatched character  (U+e0ab) in ''
polybar|warn:  Dropping unmatched character  (U+e203) in ''
polybar|warn:  Dropping unmatched character  (U+e26f) in ''
polybar|warn:  Dropping unmatched character  (U+e017) in ''
polybar|warn:  Dropping unmatched character  (U+e0ab) in ''
popolybar|warn:  Dropping unmatched character  (U+e0ab) in ''
polybar|warn:  Dropping unmatched character  (U+e203) in ''
polybar|warn:  Dropping unmatched character  (U+e26f) in 'polybar|warn:  Dropping unmatched character  (U+e0ab) in ''
polybar|warn:  Dropping unmatched character  (U+e203) in ''
polybar|warn:  Dropping unmatched character  (U+e26f) in ''
polybar|warn:  Dropping unmatched character  (U+e017) in ''
polybar|warn:  Dropping unmatched character  (U+e0ab) in ''
popolybar|warn:  Dropping unmatched character  (U+e0ab) in 'popolybar|warn:  Dropping unmatched character  (U+e203) in ''
polybar|warn:  Dropping unmatched character  (U+e26f) in 'polybar|warn:  Dropping unmatched character  (U+e0ab) in ''
popolybar|warn:  Dropping unmatched character  (U+e0ab) in 'popolybar|warn:  Dropping unmatched character  (U+e203) in ''
polybar|warn:  Dropping unmatched character  (U+e26f) in 'polybar|warn:  Dropping unmatched character  (U+e0ab) in ''
polybar|warn:  Dropping unmatched character  (U+e203) in ''
polybar|warn:  Dropping unmatched character  (U+e26f) in ''
polybar|warn:  Dropping unmatched character  (U+e017) in ''
polybar|warn:  Dropping unmatched character  (U+e0ab) in ''
popolybar|warn:  Dropping unmatched character  (U+e0ab) in ''
polybar|warn:  Dropping unmatched character  (U+e203) in ''
polybar|warn:  Dropping unmatched character  (U+e26f) in 'polybar|warn:  Dropping unmatched character  (U+e0ab) in ''
popolybar|warn:  Dropping unmatched character  (U+e0ab) in ''
polybar|warn:  Dropping unmatched character  (U+e203) in ''
polybar|warn:  Dropping unmatched character  (U+e26f) in 'polybar|warn:  Dropping unmatched character  (U+e0ab) in ''
polybar|warn:  Dropping unmatched character  (U+e203) in ''
polybar|warn:  Dropping unmatched character  (U+e26f) in ''
polybar|warn:  Dropping unmatched character  (U+e017) in ''
polybar|warn:  Dropping unmatched character  (U+e0ab) in ''
polybar|warn:  Dropping unmatched character  (U+e203) in ''
popolybar|warn:  Dropping unmatched character  (U+e203) in 'popolybar|warn:  Dropping unmatched character  (U+e26f) in 'polybar|warn:  Dropping unmatched character  (U+e0ab) in ''
popolybar|warn:  Dropping unmatched character  (U+e0ab) in ''
polybar|warn:  Dropping unmatched character  (U+e203) in ''
polybar|warn:  Dropping unmatched character  (U+e26f) in 'polybar|warn:  Dropping unmatched character  (U+e0ab) in ''
polybar|warn:  Dropping unmatched character  (U+e203) in ''
polybar|warn:  Dropping unmatched character  (U+e26f) in ''
polybar|warn:  Dropping unmatched character  (U+e017) in ''
polybar|warn:  Dropping unmatched character  (U+e0ab) in ''
popolybar|warn:  Dropping unmatched character  (U+e0ab) in ''
polybar|warn:  Dropping unmatched character  (U+e203) in ''
polybar|warn:  Dropping unmatched character  (U+e26f) in 'polybar|warn:  Dropping unmatched character  (U+e0ab) in ''
popolybar|warn:  Dropping unmatched character  (U+e0ab) in 'popolybar|warn:  Dropping unmatched character  (U+e203) in ''
polybar|warn:  Dropping unmatched character  (U+e26f) in 'polybar|warn:  Dropping unmatched character  (U+e0ab) in ''
polybar|warn:  Dropping unmatched character  (U+e203) in ''
polybar|warn:  Dropping unmatched character  (U+e26f) in ''
polybar|warn:  Dropping unmatched character  (U+e017) in ''
'
polybar|warn:  Dropping unmatched character  (U+e017) in ''
